{"name": "test_login_missing_password", "status": "failed", "statusDetails": {"message": "AssertionError: assert 404 == 400\n +  where 404 = <Response [404]>.status_code", "trace": "config = {'api_base_url': 'https://reqres.in/', 'api_base_url2': 'https://jsonplaceholder.typicode.com/'}\n\n    @allure.feature(\"Authentication\")\n    @allure.story(\"Missing password\")\n    def test_login_missing_password(config):\n        client = AuthClient(config[\"api_base_url\"])\n        response = client.login(\"peter@klaven\", \"\")\n    \n        with allure.step(\"Verify 400 error and error message\"):\n>           assert response.status_code == 400\nE           assert 404 == 400\nE            +  where 404 = <Response [404]>.status_code\n\ntests\\test_auth_api.py:22: AssertionError"}, "steps": [{"name": "Verify 400 error and error message", "status": "failed", "statusDetails": {"message": "AssertionError: assert 404 == 400\n +  where 404 = <Response [404]>.status_code\n", "trace": "  File \"C:\\Users\\n.krotsik\\Desktop\\Pytest\\automation_project_API\\tests\\test_auth_api.py\", line 22, in test_login_missing_password\n    assert response.status_code == 400\n"}, "start": 1746615261214, "stop": 1746615261214}], "start": 1746615261062, "stop": 1746615261214, "uuid": "84c610f3-60b0-4cd5-b352-93f4ed22bf76", "historyId": "cca3da3c7884985b37280b960b664d5d", "testCaseId": "cca3da3c7884985b37280b960b664d5d", "fullName": "tests.test_auth_api#test_login_missing_password", "labels": [{"name": "story", "value": "Missing password"}, {"name": "feature", "value": "Authentication"}, {"name": "parentSuite", "value": "tests"}, {"name": "suite", "value": "test_auth_api"}, {"name": "host", "value": "PLWRS-PF43AQAR"}, {"name": "thread", "value": "19952-MainThread"}, {"name": "framework", "value": "pytest"}, {"name": "language", "value": "cpython3"}, {"name": "package", "value": "tests.test_auth_api"}]}