{"uid":"7ce0fbe18f51d161","name":"test_login_missing_password","fullName":"tests.test_auth_api#test_login_missing_password","historyId":"cca3da3c7884985b37280b960b664d5d","time":{"start":1747040364075,"stop":1747040364224,"duration":149},"status":"failed","statusMessage":"AssertionError: assert 404 == 400\n +  where 404 = <Response [404]>.status_code","statusTrace":"config = {'allure': {'build_name': 'Local Test Run', 'build_order': '1', 'executor_name': 'Local Machine', 'report_name': 'API ...tps://jsonplaceholder.typicode.com/', 'local_flask': 'http://127.0.0.1:5000/api', 'reqres': 'https://reqres.in/'}, ...}\n\n    @allure.feature(\"Authentication\")\n    @allure.story(\"Missing password\")\n    def test_login_missing_password(config):\n        client = AuthClient(config[\"api_base_url\"])\n        response = client.login(\"peter@klaven\", \"\")\n    \n        with allure.step(\"Verify 400 error and error message\"):\n>           assert response.status_code == 400\nE           assert 404 == 400\nE            +  where 404 = <Response [404]>.status_code\n\ntests\\test_auth_api.py:22: AssertionError","flaky":false,"newFailed":false,"newBroken":false,"newPassed":false,"retriesCount":0,"retriesStatusChange":false,"beforeStages":[{"name":"config","time":{"start":1747040363788,"stop":1747040363791,"duration":3},"status":"passed","steps":[],"attachments":[],"parameters":[],"shouldDisplayMessage":false,"attachmentsCount":0,"stepsCount":0,"attachmentStep":false,"hasContent":false},{"name":"monkeypatch","time":{"start":1747040364074,"stop":1747040364074,"duration":0},"status":"passed","steps":[],"attachments":[],"parameters":[],"shouldDisplayMessage":false,"attachmentsCount":0,"stepsCount":0,"attachmentStep":false,"hasContent":false},{"name":"_configure_application","time":{"start":1747040364074,"stop":1747040364074,"duration":0},"status":"passed","steps":[],"attachments":[],"parameters":[],"shouldDisplayMessage":false,"attachmentsCount":0,"stepsCount":0,"attachmentStep":false,"hasContent":false},{"name":"_monkeypatch_response_class","time":{"start":1747040364074,"stop":1747040364074,"duration":0},"status":"passed","steps":[],"attachments":[],"parameters":[],"shouldDisplayMessage":false,"attachmentsCount":0,"stepsCount":0,"attachmentStep":false,"hasContent":false},{"name":"_push_request_context","time":{"start":1747040364075,"stop":1747040364075,"duration":0},"status":"passed","steps":[],"attachments":[],"parameters":[],"shouldDisplayMessage":false,"attachmentsCount":0,"stepsCount":0,"attachmentStep":false,"hasContent":false}],"testStage":{"status":"failed","statusMessage":"AssertionError: assert 404 == 400\n +  where 404 = <Response [404]>.status_code","statusTrace":"config = {'allure': {'build_name': 'Local Test Run', 'build_order': '1', 'executor_name': 'Local Machine', 'report_name': 'API ...tps://jsonplaceholder.typicode.com/', 'local_flask': 'http://127.0.0.1:5000/api', 'reqres': 'https://reqres.in/'}, ...}\n\n    @allure.feature(\"Authentication\")\n    @allure.story(\"Missing password\")\n    def test_login_missing_password(config):\n        client = AuthClient(config[\"api_base_url\"])\n        response = client.login(\"peter@klaven\", \"\")\n    \n        with allure.step(\"Verify 400 error and error message\"):\n>           assert response.status_code == 400\nE           assert 404 == 400\nE            +  where 404 = <Response [404]>.status_code\n\ntests\\test_auth_api.py:22: AssertionError","steps":[{"name":"Verify 400 error and error message","time":{"start":1747040364222,"stop":1747040364223,"duration":1},"status":"failed","statusMessage":"AssertionError: assert 404 == 400\n +  where 404 = <Response [404]>.status_code\n","statusTrace":"  File \"C:\\Users\\n.krotsik\\Desktop\\Pytest\\automation_project_API\\tests\\test_auth_api.py\", line 22, in test_login_missing_password\n    assert response.status_code == 400\n","steps":[],"attachments":[],"parameters":[],"shouldDisplayMessage":true,"attachmentsCount":0,"stepsCount":0,"attachmentStep":false,"hasContent":true}],"attachments":[],"parameters":[],"shouldDisplayMessage":true,"attachmentsCount":0,"stepsCount":1,"attachmentStep":false,"hasContent":true},"afterStages":[{"name":"monkeypatch::0","time":{"start":1747040364235,"stop":1747040364235,"duration":0},"status":"passed","steps":[],"attachments":[],"parameters":[],"shouldDisplayMessage":false,"attachmentsCount":0,"stepsCount":0,"attachmentStep":false,"hasContent":false}],"labels":[{"name":"feature","value":"Authentication"},{"name":"story","value":"Missing password"},{"name":"parentSuite","value":"tests"},{"name":"suite","value":"test_auth_api"},{"name":"host","value":"PLWRS-PF43AQAR"},{"name":"thread","value":"10160-MainThread"},{"name":"framework","value":"pytest"},{"name":"language","value":"cpython3"},{"name":"package","value":"tests.test_auth_api"},{"name":"resultFormat","value":"allure2"}],"parameters":[],"links":[],"hidden":true,"retry":true,"extra":{"categories":[],"tags":[]},"source":"7ce0fbe18f51d161.json","parameterValues":[]}